0 info it worked if it ends with ok
1 verbose cli [ 'C:\\Program Files\\nodejs\\node.exe',
1 verbose cli   'C:\\Program Files\\nodejs\\node_modules\\npm\\bin\\npm-cli.js',
1 verbose cli   'run',
1 verbose cli   'watch' ]
2 info using npm@3.10.10
3 info using node@v6.9.5
4 verbose run-script [ 'prewatch', 'watch', 'postwatch' ]
5 info lifecycle meme@1.0.0~prewatch: meme@1.0.0
6 silly lifecycle meme@1.0.0~prewatch: no script for prewatch, continuing
7 info lifecycle meme@1.0.0~watch: meme@1.0.0
8 verbose lifecycle meme@1.0.0~watch: unsafe-perm in lifecycle true
9 verbose lifecycle meme@1.0.0~watch: PATH: C:\Program Files\nodejs\node_modules\npm\bin\node-gyp-bin;F:\233JS\Lab 3 - meme creator\node_modules\.bin;C:\Program Files\Microsoft MPI\Bin\;D:\Users\Rob\AppData\Local\Programs\Python\Python36-32\Scripts\;D:\Users\Rob\AppData\Local\Programs\Python\Python36-32\;C:\Program Files\NVIDIA GPU Computing Toolkit\CUDA\v8.0\bin;C:\Program Files\NVIDIA GPU Computing Toolkit\CUDA\v8.0\libnvvp;C:\Users\Rob\AMD APP SDK\2.9\bin\x86_64;C:\Users\Rob\AMD APP SDK\2.9\bin\x86;C:\Program Files (x86)\AMD APP SDK\2.9\bin\x86_64;C:\Program Files (x86)\AMD APP SDK\2.9\bin\x86;C:\ProgramData\Oracle\Java\javapath;C:\Program Files (x86)\Intel\iCLS Client\;C:\Program Files\Intel\iCLS Client\;C:\Windows\system32;C:\Windows;C:\Windows\System32\Wbem;C:\Windows\System32\WindowsPowerShell\v1.0\;C:\Program Files (x86)\Intel\Intel(R) Management Engine Components\DAL;C:\Program Files\Intel\Intel(R) Management Engine Components\DAL;C:\Program Files (x86)\Intel\Intel(R) Management Engine Components\IPT;C:\Program Files\Intel\Intel(R) Management Engine Components\IPT;C:\WINDOWS\system32;C:\WINDOWS;C:\WINDOWS\System32\Wbem;C:\WINDOWS\System32\WindowsPowerShell\v1.0\;C:\Program Files (x86)\Windows Live\Shared;C:\Program Files (x86)\GtkSharp\2.12\bin;C:\Program Files\nodejs\;C:\Program Files (x86)\Common Files\Intuit\QBPOSSDKRuntime;C:\Program Files\dotnet\;C:\Program Files\Microsoft SQL Server\130\Tools\Binn\;C:\WINDOWS\system32;C:\WINDOWS;C:\WINDOWS\System32\Wbem;C:\WINDOWS\System32\WindowsPowerShell\v1.0\;C:\Program Files\Git\cmd;D:\Program Files (x86)\QuickTime\QTSystem\;C:\Program Files (x86)\Microsoft SQL Server\140\Tools\Binn\;C:\Program Files\Microsoft SQL Server\140\Tools\Binn\;C:\Program Files (x86)\Microsoft SQL Server\140\DTS\Binn\;C:\Program Files\Microsoft SQL Server\140\DTS\Binn\;C:\Program Files\Microsoft SQL Server\Client SDK\ODBC\130\Tools\Binn\;C:\Program Files (x86)\Microsoft SQL Server\Client SDK\ODBC\130\Tools\Binn\;C:\Program Files (x86)\Microsoft SQL Server\140\Tools\Binn\ManagementStudio\;C:\WINDOWS\System32\OpenSSH\;C:\Program Files (x86)\NVIDIA Corporation\PhysX\Common;C:\Users\Rob\AppData\Local\Microsoft\WindowsApps;C:\wamp64\bin\php\php7.0.10;C:\Users\Rob\AppData\Roaming\npm;D:\Users\Rob\AppData\Local\Google\Cloud SDK\google-cloud-sdk\bin;D:\Program Files\Microsoft VS Code\bin;D:\Program Files\sfdx\bin;D:\sencha\Cmd\6.5.2.15;
10 verbose lifecycle meme@1.0.0~watch: CWD: F:\233JS\Lab 3 - meme creator
11 silly lifecycle meme@1.0.0~watch: Args: [ '/d /s /c', 'webpack-dev-server' ]
12 silly lifecycle meme@1.0.0~watch: Returned: code: 3221225786  signal: null
13 info lifecycle meme@1.0.0~watch: Failed to exec watch script
14 verbose stack Error: meme@1.0.0 watch: `webpack-dev-server`
14 verbose stack Exit status 3221225786
14 verbose stack     at EventEmitter.<anonymous> (C:\Program Files\nodejs\node_modules\npm\lib\utils\lifecycle.js:255:16)
14 verbose stack     at emitTwo (events.js:106:13)
14 verbose stack     at EventEmitter.emit (events.js:191:7)
14 verbose stack     at ChildProcess.<anonymous> (C:\Program Files\nodejs\node_modules\npm\lib\utils\spawn.js:40:14)
14 verbose stack     at emitTwo (events.js:106:13)
14 verbose stack     at ChildProcess.emit (events.js:191:7)
14 verbose stack     at maybeClose (internal/child_process.js:877:16)
14 verbose stack     at Process.ChildProcess._handle.onexit (internal/child_process.js:226:5)
15 verbose pkgid meme@1.0.0
16 verbose cwd F:\233JS\Lab 3 - meme creator
17 error Windows_NT 10.0.17134
18 error argv "C:\\Program Files\\nodejs\\node.exe" "C:\\Program Files\\nodejs\\node_modules\\npm\\bin\\npm-cli.js" "run" "watch"
19 error node v6.9.5
20 error npm  v3.10.10
21 error code ELIFECYCLE
22 error meme@1.0.0 watch: `webpack-dev-server`
22 error Exit status 3221225786
23 error Failed at the meme@1.0.0 watch script 'webpack-dev-server'.
23 error Make sure you have the latest version of node.js and npm installed.
23 error If you do, this is most likely a problem with the meme package,
23 error not with npm itself.
23 error Tell the author that this fails on your system:
23 error     webpack-dev-server
23 error You can get information on how to open an issue for this project with:
23 error     npm bugs meme
23 error Or if that isn't available, you can get their info via:
23 error     npm owner ls meme
23 error There is likely additional logging output above.
24 verbose exit [ 1, true ]
